Построение начато 19.10.2019 12:16:31.
     1>Проект "C:\Users\Ksenia\Documents\Visual Studio 2012\Projects\ProjectOpenCL_2\ProjectOpenCL_2.vcxproj" в узле 2 (целевые объекты Build).
     1>ClCompile:
         C:\Program Files (x86)\Microsoft Visual Studio 11.0\VC\bin\x86_amd64\CL.exe /c /I"C:\Program Files (x86)\IntelSWTools\OpenCL\sdk\include" /Zi /nologo /W3 /WX- /O2 /Oi /GL /D WIN32 /D NDEBUG /D _CONSOLE /D _UNICODE /D UNICODE /Gm- /EHsc /MD /GS /Gy /fp:precise /Zc:wchar_t /Zc:forScope /Fo"x64\Release\\" /Fd"x64\Release\vc110.pdb" /Gd /TP /errorReport:prompt main.cpp
         main.cpp
     1>main.cpp(166): warning C4996: 'clCreateCommandQueue': объявлен deprecate
                 C:\Program Files (x86)\IntelSWTools\OpenCL\sdk\include\CL/cl.h(1428): см. объявление "clCreateCommandQueue"
     1>main.cpp(399): warning C4267: аргумент: преобразование из "size_t" в "int"; возможна потеря данных
     1>main.cpp(404): warning C4267: аргумент: преобразование из "size_t" в "int"; возможна потеря данных
     1>main.cpp(424): warning C4267: аргумент: преобразование из "size_t" в "int"; возможна потеря данных
     1>main.cpp(433): warning C4267: аргумент: преобразование из "size_t" в "int"; возможна потеря данных
     1>main.cpp(506): warning C4996: 'clCreateCommandQueue': объявлен deprecate
                 C:\Program Files (x86)\IntelSWTools\OpenCL\sdk\include\CL/cl.h(1428): см. объявление "clCreateCommandQueue"
     1>main.cpp(737): warning C4267: аргумент: преобразование из "size_t" в "int"; возможна потеря данных
     1>main.cpp(742): warning C4267: аргумент: преобразование из "size_t" в "int"; возможна потеря данных
     1>main.cpp(762): warning C4267: аргумент: преобразование из "size_t" в "int"; возможна потеря данных
     1>main.cpp(771): warning C4267: аргумент: преобразование из "size_t" в "int"; возможна потеря данных
     1>main.cpp(831): warning C4996: 'clCreateCommandQueue': объявлен deprecate
                 C:\Program Files (x86)\IntelSWTools\OpenCL\sdk\include\CL/cl.h(1428): см. объявление "clCreateCommandQueue"
     1>main.cpp(1068): warning C4996: 'clCreateCommandQueue': объявлен deprecate
                 C:\Program Files (x86)\IntelSWTools\OpenCL\sdk\include\CL/cl.h(1428): см. объявление "clCreateCommandQueue"
       Link:
         C:\Program Files (x86)\Microsoft Visual Studio 11.0\VC\bin\x86_amd64\link.exe /ERRORREPORT:PROMPT /OUT:"C:\Users\Ksenia\Documents\Visual Studio 2012\Projects\ProjectOpenCL_2\x64\Release\ProjectOpenCL_2.exe" /INCREMENTAL:NO /NOLOGO /LIBPATH:"C:\Program Files (x86)\IntelSWTools\OpenCL\sdk\lib\x64" OpenCL.lib kernel32.lib user32.lib gdi32.lib winspool.lib comdlg32.lib advapi32.lib shell32.lib ole32.lib oleaut32.lib uuid.lib odbc32.lib odbccp32.lib /MANIFEST /MANIFESTUAC:"level='asInvoker' uiAccess='false'" /manifest:embed /DEBUG /PDB:"C:\Users\Ksenia\Documents\Visual Studio 2012\Projects\ProjectOpenCL_2\x64\Release\ProjectOpenCL_2.pdb" /SUBSYSTEM:CONSOLE /OPT:REF /OPT:ICF /LTCG /TLBID:1 /DYNAMICBASE /NXCOMPAT /IMPLIB:"C:\Users\Ksenia\Documents\Visual Studio 2012\Projects\ProjectOpenCL_2\x64\Release\ProjectOpenCL_2.lib" /MACHINE:X64 x64\Release\main.obj
         Создание кода
         Создание кода завершено
         ProjectOpenCL_2.vcxproj -> C:\Users\Ksenia\Documents\Visual Studio 2012\Projects\ProjectOpenCL_2\x64\Release\ProjectOpenCL_2.exe
     1>Построение проекта "C:\Users\Ksenia\Documents\Visual Studio 2012\Projects\ProjectOpenCL_2\ProjectOpenCL_2.vcxproj" завершено (целевые объекты Build).

Построение успешно завершено.

Затраченное время: 00:00:01.51
